Diagnose log at 2024-10-14T04:47:27Z

AppPath: C:\Program Files\Git\mingw64\bin\git-credential-manager.exe
InstallDir: C:\Program Files\Git\mingw64\bin\
Version: 2.5.1+90d5f897f164a8fe07d2aa3bf7db439b0b4e03ea

------------
Diagnostic: Environment
Skipped: False
Success: True
Exception: None
Log:
OSType: Windows
OSVersion: 10.0 (build 22631)
Reading environment variables... OK
 Variables:
HOMEPATH=\Users\aadil
DriverData=C:\Windows\System32\Drivers\DriverData
COMPUTERNAME=AADIL
GIT_TRACE2_PARENT_SID=750c5b62-b2a3-4280-9c7b-ba53f8e56d7f
CommonProgramFiles(x86)=C:\Program Files (x86)\Common Files
OneDrive=C:\Users\aadil\OneDrive
ChocolateyLastPathUpdate=133670456972087780
SESSIONNAME=Console
LANG=en_US.UTF-8
TMP=C:\Users\aadil\AppData\Local\Temp
PROCESSOR_REVISION=8d01
PATHEXT=.COM;.EXE;.BAT;.CMD;.VBS;.VBE;.JS;.JSE;.WSF;.WSH;.MSC;.CPL
GIT_ASKPASS=c:\Users\aadil\AppData\Local\Programs\Microsoft VS Code\resources\app\extensions\git\dist\askpass.sh
GIT_EXEC_PATH=C:/Program Files/Git/mingw64/libexec/git-core
TEMP=C:\Users\aadil\AppData\Local\Temp
LOCALAPPDATA=C:\Users\aadil\AppData\Local
MSYSTEM=MINGW64
TERM=xterm-256color
IntelliJ IDEA=C:\Program Files\JetBrains\IntelliJ IDEA 2024.2.1\bin;
ProgramW6432=C:\Program Files
USERDOMAIN=AADIL
ProgramFiles(x86)=C:\Program Files (x86)
Path=C:/Program Files/Git/mingw64/libexec/git-core;C:\Program Files\Git\mingw64\bin;C:\Program Files\Git\usr\bin;C:\Users\aadil\bin;C:\Program Files\Common Files\Oracle\Java\javapath;C:\Windows\system32;C:\Windows;C:\Windows\System32\Wbem;C:\Windows\System32\WindowsPowerShell\v1.0\;C:\Windows\System32\OpenSSH\;C:\Program Files (x86)\NVIDIA Corporation\PhysX\Common;C:\Program Files\NVIDIA Corporation\NVIDIA NvDLISR;C:\WINDOWS\system32;C:\WINDOWS;C:\WINDOWS\System32\Wbem;C:\WINDOWS\System32\WindowsPowerShell\v1.0\;C:\WINDOWS\System32\OpenSSH\;C:\Program Files\Tesseract-OCR;C:\Program Files\nodejs\;C:\ProgramData\chocolatey\bin;C:\Program Files\MongoDB\Server\7.0\bin;C:\Program Files\Java\jdk-22\bin;C:\Users\aadil\Downloads\apache-maven-3.9.9-bin (1)\apache-maven-3.9.9\bin;C:\Program Files\Git\cmd;C:\Program Files\Git\bin;C:\Program Files\MySQL\MySQL Shell 8.0\bin\;C:\Users\aadil\AppData\Local\Programs\Python\Python312\Scripts\;C:\Users\aadil\AppData\Local\Programs\Python\Python312\;C:\Users\aadil\AppData\Local\Programs\Python\Launcher\;C:\Users\aadil\AppData\Local\Microsoft\WindowsApps;C:\Users\aadil\AppData\Local\Programs\Microsoft VS Code\bin;C:\Users\aadil\AppData\Roaming\npm;C:\Users\aadil\AppData\Local\Programs\mongosh\;C:\Program Files\JetBrains\IntelliJ IDEA 2024.2.1\bin;;C:\Program Files\JetBrains\IntelliJ IDEA Community Edition 2024.2.1\bin;
TERM_PROGRAM=vscode
PROCESSOR_LEVEL=6
PROCESSOR_IDENTIFIER=Intel64 Family 6 Model 141 Stepping 1, GenuineIntel
TMPDIR=C:\Users\aadil\AppData\Local\Temp
VSCODE_GIT_ASKPASS_EXTRA_ARGS=
TERM_PROGRAM_VERSION=1.94.2
VSCODE_GIT_ASKPASS_MAIN=c:\Users\aadil\AppData\Local\Programs\Microsoft VS Code\resources\app\extensions\git\dist\askpass-main.js
PSModulePath=C:\Users\aadil\OneDrive\Documents\WindowsPowerShell\Modules;C:\Program Files\WindowsPowerShell\Modules;C:\WINDOWS\system32\WindowsPowerShell\v1.0\Modules
PUBLIC=C:\Users\Public
NUMBER_OF_PROCESSORS=12
CommonProgramFiles=C:\Program Files (x86)\Common Files
VSCODE_INJECTION=1
VSCODE_NONCE=7340ed06-81c5-4810-830a-3367bf306638
VSCODE_GIT_IPC_HANDLE=\\.\pipe\vscode-git-14c4f7f2ec-sock
CHROME_CRASHPAD_PIPE_NAME=\\.\pipe\crashpad_7940_NPBKLIGUGEFZYJZU
ProgramFiles=C:\Program Files (x86)
ProgramData=C:\ProgramData
MSYS=disable_pcon
ACSvcPort=17532
ChocolateyInstall=C:\ProgramData\chocolatey
PLINK_PROTOCOL=ssh
VSCODE_GIT_ASKPASS_NODE=C:\Users\aadil\AppData\Local\Programs\Microsoft VS Code\Code.exe
RlsSvcPort=22112
SystemRoot=C:\WINDOWS
ORIGINAL_XDG_CURRENT_DESKTOP=undefined
HOME=C:\Users\aadil
VSCODE_STABLE=1
CommonProgramW6432=C:\Program Files\Common Files
ZES_ENABLE_SYSMAN=1
LOGONSERVER=\\AADIL
USERPROFILE=C:\Users\aadil
IntelliJ IDEA Community Edition=C:\Program Files\JetBrains\IntelliJ IDEA Community Edition 2024.2.1\bin;
COLORTERM=truecolor
EFC_20648=1
USERDOMAIN_ROAMINGPROFILE=AADIL
APPDATA=C:\Users\aadil\AppData\Roaming
HOMEDRIVE=C:
USERNAME=aadil
PROCESSOR_ARCHITEW6432=AMD64
PROCESSOR_ARCHITECTURE=x86
OS=Windows_NT
ComSpec=C:\WINDOWS\system32\cmd.exe
SystemDrive=C:
windir=C:\WINDOWS
OneDriveConsumer=C:\Users\aadil\OneDrive
ALLUSERSPROFILE=C:\ProgramData


------------
Diagnostic: File system
Skipped: False
Success: True
Exception: None
Log:
Temporary directory is 'C:\Users\aadil\AppData\Local\Temp\'...
Checking basic file I/O...
Writing to temporary file 'C:\Users\aadil\AppData\Local\Temp\e84e410baa7edc4ea5740b66'... OK
Reading from temporary file 'C:\Users\aadil\AppData\Local\Temp\e84e410baa7edc4ea5740b66'... OK
Deleting temporary file 'C:\Users\aadil\AppData\Local\Temp\e84e410baa7edc4ea5740b66'... OK
Testing IFileSystem instance...
UserHomePath: C:\Users\aadil
UserDataDirectoryPath: C:\Users\aadil\.gcm
GetCurrentDirectory(): C:\Users\aadil\OneDrive\Desktop\Lazarus\dashboard

------------
Diagnostic: Networking
Skipped: False
Success: True
Exception: None
Log:
Checking networking and HTTP stack...
Creating HTTP client... OK
IsNetworkAvailable: True
Sending HEAD request to http://example.com...Sending HEAD request to https://example.com... OK
 OK
Acquiring free TCP port... OK
Testing local HTTP loopback connections...
Creating new HTTP listener for http://localhost:51827/... OK
Waiting for loopback connection... OK
Writing response... OK
Waiting for response data... OK
Loopback connection data OK

------------
Diagnostic: Git
Skipped: False
Success: True
Exception: None
Log:
Getting Git version... OK
Git version is '2.46.1.windows.1'
Locating current repository...Git repository at 'C:/Users/aadil/OneDrive/Desktop/Lazarus/dashboard/.git'
 OK
Listing all Git configuration... OK
Git configuration:
file:C:/Program Files/Git/etc/gitconfig	diff.astextplain.textconv=astextplain
file:C:/Program Files/Git/etc/gitconfig	filter.lfs.clean=git-lfs clean -- %f
file:C:/Program Files/Git/etc/gitconfig	filter.lfs.smudge=git-lfs smudge -- %f
file:C:/Program Files/Git/etc/gitconfig	filter.lfs.process=git-lfs filter-process
file:C:/Program Files/Git/etc/gitconfig	filter.lfs.required=true
file:C:/Program Files/Git/etc/gitconfig	http.sslbackend=openssl
file:C:/Program Files/Git/etc/gitconfig	http.sslcainfo=C:/Program Files/Git/mingw64/etc/ssl/certs/ca-bundle.crt
file:C:/Program Files/Git/etc/gitconfig	core.autocrlf=true
file:C:/Program Files/Git/etc/gitconfig	core.fscache=true
file:C:/Program Files/Git/etc/gitconfig	core.symlinks=false
file:C:/Program Files/Git/etc/gitconfig	pull.rebase=false
file:C:/Program Files/Git/etc/gitconfig	credential.helper=manager
file:C:/Program Files/Git/etc/gitconfig	credential.https://dev.azure.com.usehttppath=true
file:C:/Program Files/Git/etc/gitconfig	init.defaultbranch=master
file:C:/Users/aadil/.gitconfig	user.name=aadil
file:C:/Users/aadil/.gitconfig	user.email=aadilahsna007@gmail.com
file:.git/config	core.repositoryformatversion=0
file:.git/config	core.filemode=false
file:.git/config	core.bare=false
file:.git/config	core.logallrefupdates=true
file:.git/config	core.symlinks=false
file:.git/config	core.ignorecase=true
file:.git/config	remote.origin.url=https://github.com/0007aadil/Lazarus-backend.git
file:.git/config	remote.origin.fetch=+refs/heads/*:refs/remotes/origin/*


------------
Diagnostic: Credential storage
Skipped: False
Success: True
Exception: None
Log:
ICredentialStore instance is of type: CredentialStore
Writing test credential... OK
Reading test credential... OK
Deleting test credential... OK

------------
Diagnostic: Microsoft authentication (AAD/MSA)
Skipped: False
Success: True
Exception: None
Log:
Broker is not enabled.
Flow type is: Auto
Gathering MSAL token cache data... OK
CacheDirectory: C:\Users\aadil\AppData\Local\.IdentityService
CacheFileName: msal.cache
CacheFilePath: C:\Users\aadil\AppData\Local\.IdentityService\msal.cache
Creating cache helper... OK
Verifying MSAL token cache persistence... OK

------------
Diagnostic: GitHub API
Skipped: False
Success: True
Exception: None
Log:
Using 'https://github.com/' as API target.
Querying '/meta' endpoint... OK

